!SESSION 2024-10-16 13:28:00.790 -----------------------------------------------
eclipse.buildId=Version 1.16.1
java.version=17.0.11
java.vendor=Eclipse Adoptium
BootLoader constants: OS=win32, ARCH=x86_64, WS=win32, NL=pl_PL
Command-line arguments:  -os win32 -ws win32 -arch x86_64

!ENTRY com.st.stm32cube.ide.mcu.informationcenter 4 4 2024-10-16 13:28:19.530
!MESSAGE CubeMX plugin appears to be active, Log4j initialization might be too late.

!ENTRY com.st.stm32cube.ide.mcu.informationcenter 1 1 2024-10-16 13:28:19.551
!MESSAGE Log4j2 initialized with config file C:\Users\Lenovo\Desktop\projekt\.metadata\.log4j2.xml

!ENTRY com.st.stm32cube.ide.mcu.ide 1 1 2024-10-16 13:28:25.194
!MESSAGE Started RMI Server, listening on port 41337

!ENTRY org.eclipse.cdt.core 1 0 2024-10-16 13:29:55.675
!MESSAGE Indexed 'ble' (21 sources, 81 headers) in 7.78 sec: 4,470 declarations; 20,198 references; 0 unresolved inclusions; 1 syntax errors; 2 unresolved names (0.0081%)

!ENTRY org.eclipse.jface 2 0 2024-10-16 13:42:22.004
!MESSAGE Keybinding conflicts occurred.  They may interfere with normal accelerator operation.
!SUBENTRY 1 org.eclipse.jface 2 0 2024-10-16 13:42:22.004
!MESSAGE A conflict occurred for CTRL+INSERT:
Binding(CTRL+INSERT,
	ParameterizedCommand(Command(org.eclipse.tm.terminal.copy,Copy,
		,
		Category(org.eclipse.tm.terminal.category1,Terminal view commands,Terminal view commands,true),
		WorkbenchHandlerServiceHandler("org.eclipse.tm.terminal.copy"),
		,,true),null),
	org.eclipse.ui.defaultAcceleratorConfiguration,
	org.eclipse.tm.terminal.EditContext,,,system)
Binding(CTRL+INSERT,
	ParameterizedCommand(Command(org.eclipse.ui.edit.copy,Copy,
		Copy the selection to the clipboard,
		Category(org.eclipse.ui.category.edit,Edit,null,true),
		WorkbenchHandlerServiceHandler("org.eclipse.ui.edit.copy"),
		,,true),null),
	org.eclipse.ui.defaultAcceleratorConfiguration,
	org.eclipse.ui.contexts.dialogAndWindow,,,system)
Binding(CTRL+INSERT,
	ParameterizedCommand(Command(AnsiConsole.command.copy_without_escapes,Copy Text Without ANSI Escapes,
		Copy the console content to clipboard, removing the escape sequences,
		Category(AnsiConsole.command.categoryid,ANSI Support Commands,null,true),
		WorkbenchHandlerServiceHandler("AnsiConsole.command.copy_without_escapes"),
		,,true),null),
	org.eclipse.ui.defaultAcceleratorConfiguration,
	org.eclipse.ui.console.ConsoleView,,,system)
!SESSION 2024-10-16 20:29:26.600 -----------------------------------------------
eclipse.buildId=Version 1.16.1
java.version=17.0.11
java.vendor=Eclipse Adoptium
BootLoader constants: OS=win32, ARCH=x86_64, WS=win32, NL=pl_PL
Command-line arguments:  -os win32 -ws win32 -arch x86_64

!ENTRY org.eclipse.core.resources 4 567 2024-10-16 20:30:29.214
!MESSAGE Workspace restored, but some problems occurred.
!SUBENTRY 1 org.eclipse.core.resources 4 567 2024-10-16 20:30:29.214
!MESSAGE Could not read metadata for 'ble'.
!STACK 1
org.eclipse.core.internal.resources.ResourceException(/ble)[567]: java.lang.Exception: The project description file (.project) for 'ble' is missing.  This file contains important information about the project.  The project will not function properly until this file is restored.
	at org.eclipse.core.internal.resources.ResourceException.provideStackTrace(ResourceException.java:42)
	at org.eclipse.core.internal.resources.ResourceException.<init>(ResourceException.java:38)
	at org.eclipse.core.internal.localstore.FileSystemResourceManager.read(FileSystemResourceManager.java:955)
	at org.eclipse.core.internal.resources.SaveManager.restoreMetaInfo(SaveManager.java:954)
	at org.eclipse.core.internal.resources.SaveManager.restoreMetaInfo(SaveManager.java:934)
	at org.eclipse.core.internal.resources.SaveManager.restore(SaveManager.java:790)
	at org.eclipse.core.internal.resources.SaveManager.startup(SaveManager.java:1616)
	at org.eclipse.core.internal.resources.Workspace.startup(Workspace.java:2620)
	at org.eclipse.core.internal.resources.Workspace.open(Workspace.java:2324)
	at org.eclipse.core.resources.ResourcesPlugin$WorkspaceInitCustomizer.addingService(ResourcesPlugin.java:571)
	at org.eclipse.core.resources.ResourcesPlugin$WorkspaceInitCustomizer.addingService(ResourcesPlugin.java:1)
	at org.osgi.util.tracker.ServiceTracker$Tracked.customizerAdding(ServiceTracker.java:947)
	at org.osgi.util.tracker.ServiceTracker$Tracked.customizerAdding(ServiceTracker.java:1)
	at org.osgi.util.tracker.AbstractTracked.trackAdding(AbstractTracked.java:258)
	at org.osgi.util.tracker.AbstractTracked.trackInitial(AbstractTracked.java:185)
	at org.osgi.util.tracker.ServiceTracker.open(ServiceTracker.java:324)
	at org.osgi.util.tracker.ServiceTracker.open(ServiceTracker.java:267)
	at org.eclipse.core.resources.ResourcesPlugin.start(ResourcesPlugin.java:545)
	at org.eclipse.osgi.internal.framework.BundleContextImpl$2.run(BundleContextImpl.java:818)
	at org.eclipse.osgi.internal.framework.BundleContextImpl$2.run(BundleContextImpl.java:1)
	at java.base/java.security.AccessController.doPrivileged(AccessController.java:569)
	at org.eclipse.osgi.internal.framework.BundleContextImpl.startActivator(BundleContextImpl.java:810)
	at org.eclipse.osgi.internal.framework.BundleContextImpl.start(BundleContextImpl.java:767)
	at org.eclipse.osgi.internal.framework.EquinoxBundle.startWorker0(EquinoxBundle.java:1032)
	at org.eclipse.osgi.internal.framework.EquinoxBundle$EquinoxModule.startWorker(EquinoxBundle.java:371)
	at org.eclipse.osgi.container.Module.doStart(Module.java:605)
	at org.eclipse.osgi.container.Module.start(Module.java:468)
	at org.eclipse.osgi.framework.util.SecureAction.start(SecureAction.java:513)
	at org.eclipse.osgi.internal.hooks.EclipseLazyStarter.postFindLocalClass(EclipseLazyStarter.java:117)
	at org.eclipse.osgi.internal.loader.classpath.ClasspathManager.findLocalClass(ClasspathManager.java:570)
	at org.eclipse.osgi.internal.loader.ModuleClassLoader.findLocalClass(ModuleClassLoader.java:335)
	at org.eclipse.osgi.internal.loader.BundleLoader.findLocalClass(BundleLoader.java:397)
	at org.eclipse.osgi.internal.loader.sources.SingleSourcePackage.loadClass(SingleSourcePackage.java:41)
	at org.eclipse.osgi.internal.loader.BundleLoader.findClass0(BundleLoader.java:496)
	at org.eclipse.osgi.internal.loader.BundleLoader.findClass(BundleLoader.java:416)
	at org.eclipse.osgi.internal.loader.ModuleClassLoader.loadClass(ModuleClassLoader.java:168)
	at java.base/java.lang.ClassLoader.loadClass(ClassLoader.java:525)
	at org.eclipse.ui.internal.ide.application.IDEApplication.start(IDEApplication.java:153)
	at org.eclipse.equinox.internal.app.EclipseAppHandle.run(EclipseAppHandle.java:208)
	at org.eclipse.core.runtime.internal.adaptor.EclipseAppLauncher.runApplication(EclipseAppLauncher.java:136)
	at org.eclipse.core.runtime.internal.adaptor.EclipseAppLauncher.start(EclipseAppLauncher.java:104)
	at org.eclipse.core.runtime.adaptor.EclipseStarter.run(EclipseStarter.java:402)
	at org.eclipse.core.runtime.adaptor.EclipseStarter.run(EclipseStarter.java:255)
	at java.base/jdk.internal.reflect.NativeMethodAccessorImpl.invoke0(Native Method)
	at java.base/jdk.internal.reflect.NativeMethodAccessorImpl.invoke(NativeMethodAccessorImpl.java:77)
	at java.base/jdk.internal.reflect.DelegatingMethodAccessorImpl.invoke(DelegatingMethodAccessorImpl.java:43)
	at java.base/java.lang.reflect.Method.invoke(Method.java:568)
	at org.eclipse.equinox.launcher.Main.invokeFramework(Main.java:651)
	at org.eclipse.equinox.launcher.Main.basicRun(Main.java:588)
	at org.eclipse.equinox.launcher.Main.run(Main.java:1459)
!SUBENTRY 2 org.eclipse.core.resources 4 567 2024-10-16 20:30:29.218
!MESSAGE The project description file (.project) for 'ble' is missing.  This file contains important information about the project.  The project will not function properly until this file is restored.
!STACK 0
java.lang.Exception: The project description file (.project) for 'ble' is missing.  This file contains important information about the project.  The project will not function properly until this file is restored.
	at org.eclipse.core.internal.resources.ResourceException.provideStackTrace(ResourceException.java:42)
	at org.eclipse.core.internal.resources.ResourceException.<init>(ResourceException.java:38)
	at org.eclipse.core.internal.localstore.FileSystemResourceManager.read(FileSystemResourceManager.java:955)
	at org.eclipse.core.internal.resources.SaveManager.restoreMetaInfo(SaveManager.java:954)
	at org.eclipse.core.internal.resources.SaveManager.restoreMetaInfo(SaveManager.java:934)
	at org.eclipse.core.internal.resources.SaveManager.restore(SaveManager.java:790)
	at org.eclipse.core.internal.resources.SaveManager.startup(SaveManager.java:1616)
	at org.eclipse.core.internal.resources.Workspace.startup(Workspace.java:2620)
	at org.eclipse.core.internal.resources.Workspace.open(Workspace.java:2324)
	at org.eclipse.core.resources.ResourcesPlugin$WorkspaceInitCustomizer.addingService(ResourcesPlugin.java:571)
	at org.eclipse.core.resources.ResourcesPlugin$WorkspaceInitCustomizer.addingService(ResourcesPlugin.java:1)
	at org.osgi.util.tracker.ServiceTracker$Tracked.customizerAdding(ServiceTracker.java:947)
	at org.osgi.util.tracker.ServiceTracker$Tracked.customizerAdding(ServiceTracker.java:1)
	at org.osgi.util.tracker.AbstractTracked.trackAdding(AbstractTracked.java:258)
	at org.osgi.util.tracker.AbstractTracked.trackInitial(AbstractTracked.java:185)
	at org.osgi.util.tracker.ServiceTracker.open(ServiceTracker.java:324)
	at org.osgi.util.tracker.ServiceTracker.open(ServiceTracker.java:267)
	at org.eclipse.core.resources.ResourcesPlugin.start(ResourcesPlugin.java:545)
	at org.eclipse.osgi.internal.framework.BundleContextImpl$2.run(BundleContextImpl.java:818)
	at org.eclipse.osgi.internal.framework.BundleContextImpl$2.run(BundleContextImpl.java:1)
	at java.base/java.security.AccessController.doPrivileged(AccessController.java:569)
	at org.eclipse.osgi.internal.framework.BundleContextImpl.startActivator(BundleContextImpl.java:810)
	at org.eclipse.osgi.internal.framework.BundleContextImpl.start(BundleContextImpl.java:767)
	at org.eclipse.osgi.internal.framework.EquinoxBundle.startWorker0(EquinoxBundle.java:1032)
	at org.eclipse.osgi.internal.framework.EquinoxBundle$EquinoxModule.startWorker(EquinoxBundle.java:371)
	at org.eclipse.osgi.container.Module.doStart(Module.java:605)
	at org.eclipse.osgi.container.Module.start(Module.java:468)
	at org.eclipse.osgi.framework.util.SecureAction.start(SecureAction.java:513)
	at org.eclipse.osgi.internal.hooks.EclipseLazyStarter.postFindLocalClass(EclipseLazyStarter.java:117)
	at org.eclipse.osgi.internal.loader.classpath.ClasspathManager.findLocalClass(ClasspathManager.java:570)
	at org.eclipse.osgi.internal.loader.ModuleClassLoader.findLocalClass(ModuleClassLoader.java:335)
	at org.eclipse.osgi.internal.loader.BundleLoader.findLocalClass(BundleLoader.java:397)
	at org.eclipse.osgi.internal.loader.sources.SingleSourcePackage.loadClass(SingleSourcePackage.java:41)
	at org.eclipse.osgi.internal.loader.BundleLoader.findClass0(BundleLoader.java:496)
	at org.eclipse.osgi.internal.loader.BundleLoader.findClass(BundleLoader.java:416)
	at org.eclipse.osgi.internal.loader.ModuleClassLoader.loadClass(ModuleClassLoader.java:168)
	at java.base/java.lang.ClassLoader.loadClass(ClassLoader.java:525)
	at org.eclipse.ui.internal.ide.application.IDEApplication.start(IDEApplication.java:153)
	at org.eclipse.equinox.internal.app.EclipseAppHandle.run(EclipseAppHandle.java:208)
	at org.eclipse.core.runtime.internal.adaptor.EclipseAppLauncher.runApplication(EclipseAppLauncher.java:136)
	at org.eclipse.core.runtime.internal.adaptor.EclipseAppLauncher.start(EclipseAppLauncher.java:104)
	at org.eclipse.core.runtime.adaptor.EclipseStarter.run(EclipseStarter.java:402)
	at org.eclipse.core.runtime.adaptor.EclipseStarter.run(EclipseStarter.java:255)
	at java.base/jdk.internal.reflect.NativeMethodAccessorImpl.invoke0(Native Method)
	at java.base/jdk.internal.reflect.NativeMethodAccessorImpl.invoke(NativeMethodAccessorImpl.java:77)
	at java.base/jdk.internal.reflect.DelegatingMethodAccessorImpl.invoke(DelegatingMethodAccessorImpl.java:43)
	at java.base/java.lang.reflect.Method.invoke(Method.java:568)
	at org.eclipse.equinox.launcher.Main.invokeFramework(Main.java:651)
	at org.eclipse.equinox.launcher.Main.basicRun(Main.java:588)
	at org.eclipse.equinox.launcher.Main.run(Main.java:1459)

!ENTRY com.st.stm32cube.ide.mcu.informationcenter 4 4 2024-10-16 20:30:36.288
!MESSAGE CubeMX plugin appears to be active, Log4j initialization might be too late.

!ENTRY com.st.stm32cube.ide.mcu.informationcenter 1 1 2024-10-16 20:30:36.412
!MESSAGE Log4j2 initialized with config file C:\Users\olabe\OneDrive\inteligentna_doniczka\.metadata\.log4j2.xml

!ENTRY org.eclipse.core.resources 4 567 2024-10-16 20:30:46.123
!MESSAGE The project description file (.project) for 'ble' is missing.  This file contains important information about the project.  The project will not function properly until this file is restored.
!STACK 0
java.lang.Exception: The project description file (.project) for 'ble' is missing.  This file contains important information about the project.  The project will not function properly until this file is restored.
	at org.eclipse.core.internal.resources.ResourceException.provideStackTrace(ResourceException.java:42)
	at org.eclipse.core.internal.resources.ResourceException.<init>(ResourceException.java:38)
	at org.eclipse.core.internal.localstore.FileSystemResourceManager.read(FileSystemResourceManager.java:955)
	at org.eclipse.core.internal.resources.SaveManager.restoreMetaInfo(SaveManager.java:954)
	at org.eclipse.core.internal.resources.SaveManager.restore(SaveManager.java:829)
	at org.eclipse.core.internal.resources.Project.open(Project.java:1100)
	at org.eclipse.ui.actions.OpenResourceAction$1.doOpenWithReferences(OpenResourceAction.java:233)
	at org.eclipse.ui.actions.OpenResourceAction$1.runInWorkspace(OpenResourceAction.java:279)
	at org.eclipse.core.internal.resources.InternalWorkspaceJob.run(InternalWorkspaceJob.java:43)
	at org.eclipse.core.internal.jobs.Worker.run(Worker.java:63)

!ENTRY com.st.stm32cube.ide.mcu.ide 1 1 2024-10-16 20:30:46.460
!MESSAGE Started RMI Server, listening on port 41337
!SESSION 2024-10-16 20:42:46.142 -----------------------------------------------
eclipse.buildId=Version 1.16.1
java.version=17.0.11
java.vendor=Eclipse Adoptium
BootLoader constants: OS=win32, ARCH=x86_64, WS=win32, NL=pl_PL
Command-line arguments:  -os win32 -ws win32 -arch x86_64

!ENTRY com.st.stm32cube.ide.mcu.informationcenter 4 4 2024-10-16 20:43:54.166
!MESSAGE CubeMX plugin appears to be active, Log4j initialization might be too late.

!ENTRY com.st.stm32cube.ide.mcu.informationcenter 1 1 2024-10-16 20:43:54.179
!MESSAGE Log4j2 initialized with config file C:\Users\Lenovo\Desktop\inteligentna_doniczka\.metadata\.log4j2.xml

!ENTRY com.st.stm32cube.ide.mcu.ide 1 1 2024-10-16 20:44:03.541
!MESSAGE Started RMI Server, listening on port 41337

!ENTRY org.eclipse.core.jobs 2 2 2024-10-16 20:44:29.602
!MESSAGE Job found still running after platform shutdown.  Jobs should be canceled by the plugin that scheduled them during shutdown: org.eclipse.ui.internal.Workbench$39
