2024-10-16 20:43:54,717 [INFO] Activator:176 - 


2024-10-16 20:43:54,722 [INFO] Activator:177 - !SESSION log4j initialized
2024-10-16 20:44:02,560 [INFO] LogOutputStream:77 - [STDOUT_REDIRECT] 
2024-10-16 20:44:06,817 [INFO] ApplicationProperties:184 - Using Application install path: C:\Program Files\STM32CubeIDE_1.16.1\STM32CubeIDE\plugins\com.st.stm32cube.common.mx_6.12.1.202409122256
2024-10-16 20:44:06,865 [INFO] DbMcusXml:78 - Set database path to: C:\Program Files\STM32CubeIDE_1.16.1\STM32CubeIDE\plugins\com.st.stm32cube.common.mx_6.12.1.202409122256\\db\/mcu/
2024-10-16 20:44:06,866 [INFO] ApiDb:274 - Set plugin database path to: C:\Program Files\STM32CubeIDE_1.16.1\STM32CubeIDE\plugins\com.st.stm32cube.common.mx_6.12.1.202409122256\\db\/plugins/boardmanager/
2024-10-16 20:44:06,867 [WARN] ApiDb:259 - Overriding images path with different value:  => C:\Program Files\STM32CubeIDE_1.16.1\STM32CubeIDE\plugins\com.st.stm32cube.common.mx_6.12.1.202409122256\\db\/plugins/mcufinder/images/
2024-10-16 20:44:06,882 [INFO] ApiDb:250 - Set database path to: C:\Users\Lenovo\.stmcufinder\plugins\mcufinder//mcu/
2024-10-16 20:44:06,883 [INFO] DbMcusAds:125 - Set database path to: C:\Users\Lenovo\.stmcufinder\plugins\mcufinder//mcu/
2024-10-16 20:44:06,888 [INFO] CrossReferenceDbSqlite:203 - Set database path to: C:\Users\Lenovo\.stmcufinder\plugins\mcufinder//mcu/cs/
2024-10-16 20:44:07,222 [INFO] RulesReader:64 - Compatibility file has been processed (297 Rules)
2024-10-16 20:44:07,376 [INFO] DbMcusXml:78 - Set database path to: C:\Program Files\STM32CubeIDE_1.16.1\STM32CubeIDE\plugins\com.st.stm32cube.common.mx_6.12.1.202409122256\\db\/mcu/
2024-10-16 20:44:07,376 [INFO] ApiDb:274 - Set plugin database path to: C:\Program Files\STM32CubeIDE_1.16.1\STM32CubeIDE\plugins\com.st.stm32cube.common.mx_6.12.1.202409122256\\db\/plugins/boardmanager/
2024-10-16 20:44:07,376 [INFO] ApiDb:261 - Set plugin images path to: C:\Program Files\STM32CubeIDE_1.16.1\STM32CubeIDE\plugins\com.st.stm32cube.common.mx_6.12.1.202409122256\\db\/plugins/mcufinder/images/
2024-10-16 20:44:07,377 [WARN] DbFile:41 - Overriding database path with different value: C:\Users\Lenovo\.stmcufinder\plugins\mcufinder/ => C:\Users\Lenovo\.stmcufinder\plugins\mcufinder
2024-10-16 20:44:07,377 [INFO] ApiDb:250 - Set database path to: C:\Users\Lenovo\.stmcufinder\plugins\mcufinder//mcu/
2024-10-16 20:44:07,377 [WARN] DbFile:41 - Overriding database path with different value: C:\Users\Lenovo\.stmcufinder\plugins\mcufinder/ => C:\Users\Lenovo\.stmcufinder\plugins\mcufinder
2024-10-16 20:44:07,378 [INFO] DbMcusAds:125 - Set database path to: C:\Users\Lenovo\.stmcufinder\plugins\mcufinder//mcu/
2024-10-16 20:44:07,378 [WARN] DbFile:41 - Overriding database path with different value: C:\Users\Lenovo\.stmcufinder\plugins\mcufinder/ => C:\Users\Lenovo\.stmcufinder\plugins\mcufinder
2024-10-16 20:44:07,378 [WARN] DbFile:41 - Overriding database path with different value: C:\Users\Lenovo\.stmcufinder\plugins\mcufinder/ => C:\Users\Lenovo\.stmcufinder\plugins\mcufinder
2024-10-16 20:44:07,378 [INFO] CrossReferenceDbSqlite:203 - Set database path to: C:\Users\Lenovo\.stmcufinder\plugins\mcufinder//mcu/cs/
2024-10-16 20:44:07,614 [INFO] MainPanel:268 - HeapMemory: 268435456
2024-10-16 20:44:07,886 [INFO] DbMcusXml:78 - Set database path to: C:\Program Files\STM32CubeIDE_1.16.1\STM32CubeIDE\plugins\com.st.stm32cube.common.mx_6.12.1.202409122256\\db\/mcu/
2024-10-16 20:44:07,887 [INFO] ApiDb:274 - Set plugin database path to: C:\Program Files\STM32CubeIDE_1.16.1\STM32CubeIDE\plugins\com.st.stm32cube.common.mx_6.12.1.202409122256\\db\/plugins/boardmanager/
2024-10-16 20:44:07,887 [INFO] ApiDb:261 - Set plugin images path to: C:\Program Files\STM32CubeIDE_1.16.1\STM32CubeIDE\plugins\com.st.stm32cube.common.mx_6.12.1.202409122256\\db\/plugins/mcufinder/images/
2024-10-16 20:44:07,887 [WARN] DbFile:41 - Overriding database path with different value: C:\Users\Lenovo\.stmcufinder\plugins\mcufinder/ => C:\Users\Lenovo\.stmcufinder\plugins\mcufinder
2024-10-16 20:44:07,888 [INFO] ApiDb:250 - Set database path to: C:\Users\Lenovo\.stmcufinder\plugins\mcufinder//mcu/
2024-10-16 20:44:07,888 [WARN] DbFile:41 - Overriding database path with different value: C:\Users\Lenovo\.stmcufinder\plugins\mcufinder/ => C:\Users\Lenovo\.stmcufinder\plugins\mcufinder
2024-10-16 20:44:07,888 [INFO] DbMcusAds:125 - Set database path to: C:\Users\Lenovo\.stmcufinder\plugins\mcufinder//mcu/
2024-10-16 20:44:07,888 [WARN] DbFile:41 - Overriding database path with different value: C:\Users\Lenovo\.stmcufinder\plugins\mcufinder/ => C:\Users\Lenovo\.stmcufinder\plugins\mcufinder
2024-10-16 20:44:07,888 [WARN] DbFile:41 - Overriding database path with different value: C:\Users\Lenovo\.stmcufinder\plugins\mcufinder/ => C:\Users\Lenovo\.stmcufinder\plugins\mcufinder
2024-10-16 20:44:07,889 [INFO] CrossReferenceDbSqlite:203 - Set database path to: C:\Users\Lenovo\.stmcufinder\plugins\mcufinder//mcu/cs/
2024-10-16 20:44:07,918 [INFO] ApplicationProperties:184 - Using Application install path: C:\Program Files\STM32CubeIDE_1.16.1\STM32CubeIDE\plugins\com.st.stm32cube.common.mx_6.12.1.202409122256
2024-10-16 20:44:07,921 [INFO] PluginManage:196 - Search for loadable plugins [exclusion list=, ]
2024-10-16 20:44:07,924 [INFO] PluginManage:310 - Check plugin analytics
2024-10-16 20:44:08,311 [INFO] AnalyticsPlugin:253 - Accepted Software Licenses: 
2024-10-16 20:44:08,311 [INFO] AnalyticsPlugin:255 - Accepted CMSIS Pack Licenses: STMicroelectronics.X-CUBE-BLE1.7.0.0,STMicroelectronics.X-CUBE-MEMS1.11.0.0
2024-10-16 20:44:08,311 [INFO] AnalyticsPlugin:257 - Accepted Firmware Licenses: 
2024-10-16 20:44:08,316 [INFO] PluginManage:359 - Loaded plugin analytics (category:tool,tabindex:-1)
2024-10-16 20:44:08,317 [INFO] PluginManage:310 - Check plugin cadmodel
2024-10-16 20:44:08,341 [INFO] CADModel:105 - Init CAD model plugin
2024-10-16 20:44:08,342 [INFO] PluginManage:359 - Loaded plugin cadmodel (category:power,tabindex:5)
2024-10-16 20:44:08,342 [INFO] PluginManage:310 - Check plugin clock
2024-10-16 20:44:08,375 [INFO] PluginManage:359 - Loaded plugin clock (category:base,tabindex:2)
2024-10-16 20:44:08,375 [INFO] PluginManage:310 - Check plugin ddr
2024-10-16 20:44:08,379 [INFO] PluginManage:359 - Loaded plugin ddr (category:tool,tabindex:6)
2024-10-16 20:44:08,380 [INFO] PluginManage:310 - Check plugin filemanager
2024-10-16 20:44:08,652 [INFO] PluginManage:359 - Loaded plugin filemanager (category:base,tabindex:10)
2024-10-16 20:44:08,653 [INFO] PluginManage:310 - Check plugin ipmanager
2024-10-16 20:44:08,665 [INFO] PluginManage:359 - Loaded plugin ipmanager (category:base,tabindex:5)
2024-10-16 20:44:08,665 [INFO] PluginManage:310 - Check plugin lpbam
2024-10-16 20:44:08,705 [INFO] PluginManage:359 - Loaded plugin lpbam (category:base,tabindex:0)
2024-10-16 20:44:08,706 [INFO] PluginManage:310 - Check plugin memorymap
2024-10-16 20:44:08,767 [INFO] PluginManage:359 - Loaded plugin memorymap (category:base,tabindex:4)
2024-10-16 20:44:08,767 [INFO] PluginManage:310 - Check plugin pinoutandconfiguration
2024-10-16 20:44:08,810 [INFO] PluginManage:359 - Loaded plugin pinoutandconfiguration (category:base,tabindex:1)
2024-10-16 20:44:08,810 [INFO] PluginManage:310 - Check plugin pinoutconfig
2024-10-16 20:44:09,071 [WARN] SupportedApi:132 - Cannot load RTOS API schema: s4s-elt-must-match.1: The content of 'definitions' must match (annotation?, (simpleType | complexType)?, (unique | key | keyref)*)). A problem was found starting at: attribute.
2024-10-16 20:44:09,347 [INFO] PluginManage:359 - Loaded plugin pinoutconfig (category:base,tabindex:0)
2024-10-16 20:44:09,347 [INFO] PluginManage:310 - Check plugin power
2024-10-16 20:44:09,385 [INFO] PluginManage:359 - Loaded plugin power (category:power,tabindex:4)
2024-10-16 20:44:09,385 [INFO] PluginManage:310 - Check plugin projectmanager
2024-10-16 20:44:09,416 [INFO] PluginManage:359 - Loaded plugin projectmanager (category:projectmanager,tabindex:4)
2024-10-16 20:44:09,417 [INFO] PluginManage:310 - Check plugin rif
2024-10-16 20:44:09,453 [INFO] PluginManage:359 - Loaded plugin rif (category:base,tabindex:3)
2024-10-16 20:44:09,453 [INFO] PluginManage:310 - Check plugin thirdparty
2024-10-16 20:44:10,005 [INFO] PluginManage:359 - Loaded plugin thirdparty (category:base,tabindex:-1)
2024-10-16 20:44:10,005 [WARN] IntegrityCheckThread:84 - waiting for thirdparty lock release [integrity check]
2024-10-16 20:44:10,005 [INFO] PluginManage:310 - Check plugin tools
2024-10-16 20:44:10,006 [INFO] IntegrityCheckThread:86 - entering critical section [integrity check]
2024-10-16 20:44:10,007 [INFO] ThirdPartyUpdaterWithRetryManager:70 - Updater plugin not ready yet. [1/15]
2024-10-16 20:44:10,084 [INFO] PluginManage:359 - Loaded plugin tools (category:base,tabindex:7)
2024-10-16 20:44:10,084 [INFO] PluginManage:310 - Check plugin tutovideos
2024-10-16 20:44:10,549 [INFO] PluginManage:359 - Loaded plugin tutovideos (category:base,tabindex:-1)
2024-10-16 20:44:10,549 [INFO] PluginManage:310 - Check plugin updater
2024-10-16 20:44:10,577 [INFO] PluginManage:359 - Loaded plugin updater (category:base,tabindex:12)
2024-10-16 20:44:10,578 [INFO] PluginManage:310 - Check plugin userauth
2024-10-16 20:44:10,587 [INFO] UserAuth:113 - Init User Auth plugin
2024-10-16 20:44:10,588 [INFO] PluginManage:359 - Loaded plugin userauth (category:base,tabindex:14)
2024-10-16 20:44:10,588 [INFO] PluginManage:283 - PluginManage : Loaded plugins [18]
2024-10-16 20:44:10,945 [INFO] PinOutPanel:1561 - setPackage(No Configuration,No Configuration)
2024-10-16 20:44:11,108 [INFO] CADModel:165 - CPN selected for project level
2024-10-16 20:44:11,108 [INFO] CADModel:114 - Register for checkConnection events
2024-10-16 20:44:11,153 [INFO] IPUIPlugin:80 - create IPUIPlugin
2024-10-16 20:44:11,154 [INFO] PluginManager:220 - loadIPPluginJar : add adc
2024-10-16 20:44:11,222 [INFO] IPUIPlugin:80 - create IPUIPlugin
2024-10-16 20:44:11,223 [INFO] PluginManager:220 - loadIPPluginJar : add aes
2024-10-16 20:44:11,300 [INFO] IPUIPlugin:80 - create IPUIPlugin
2024-10-16 20:44:11,301 [INFO] PluginManager:220 - loadIPPluginJar : add can
2024-10-16 20:44:11,350 [INFO] IPUIPlugin:80 - create IPUIPlugin
2024-10-16 20:44:11,350 [INFO] PluginManager:220 - loadIPPluginJar : add comp
2024-10-16 20:44:11,442 [INFO] IPUIPlugin:80 - create IPUIPlugin
2024-10-16 20:44:11,443 [INFO] PluginManager:220 - loadIPPluginJar : add cryp
2024-10-16 20:44:11,486 [INFO] IPUIPlugin:80 - create IPUIPlugin
2024-10-16 20:44:11,486 [INFO] PluginManager:220 - loadIPPluginJar : add ddr_ctrl_phy
2024-10-16 20:44:11,582 [INFO] IPUIPlugin:80 - create IPUIPlugin
2024-10-16 20:44:11,583 [INFO] PluginManager:220 - loadIPPluginJar : add dfsdm
2024-10-16 20:44:11,611 [INFO] IPUIPlugin:80 - create IPUIPlugin
2024-10-16 20:44:11,613 [INFO] PluginManager:220 - loadIPPluginJar : add dma
2024-10-16 20:44:11,711 [INFO] IPUIPlugin:80 - create IPUIPlugin
2024-10-16 20:44:11,712 [INFO] PluginManager:220 - loadIPPluginJar : add dma3
2024-10-16 20:44:11,853 [INFO] IPUIPlugin:80 - create IPUIPlugin
2024-10-16 20:44:11,854 [INFO] PluginManager:220 - loadIPPluginJar : add extmemmanager
2024-10-16 20:44:11,935 [INFO] IPUIPlugin:80 - create IPUIPlugin
2024-10-16 20:44:11,936 [INFO] PluginManager:220 - loadIPPluginJar : add fatfs
2024-10-16 20:44:12,080 [INFO] IPUIPlugin:80 - create IPUIPlugin
2024-10-16 20:44:12,080 [INFO] PluginManager:220 - loadIPPluginJar : add fmc
2024-10-16 20:44:12,118 [INFO] IPUIPlugin:80 - create IPUIPlugin
2024-10-16 20:44:12,118 [INFO] PluginManager:220 - loadIPPluginJar : add freertos
2024-10-16 20:44:12,163 [INFO] IPUIPlugin:80 - create IPUIPlugin
2024-10-16 20:44:12,164 [INFO] PluginManager:220 - loadIPPluginJar : add genericplugin
2024-10-16 20:44:12,390 [INFO] IPUIPlugin:80 - create IPUIPlugin
2024-10-16 20:44:12,390 [INFO] PluginManager:220 - loadIPPluginJar : add gfxmmu
2024-10-16 20:44:12,681 [INFO] IPUIPlugin:80 - create IPUIPlugin
2024-10-16 20:44:12,682 [INFO] PluginManager:220 - loadIPPluginJar : add gic
2024-10-16 20:44:12,707 [INFO] IPUIPlugin:80 - create IPUIPlugin
2024-10-16 20:44:12,708 [INFO] PluginManager:220 - loadIPPluginJar : add gpio
2024-10-16 20:44:12,907 [INFO] IPUIPlugin:80 - create IPUIPlugin
2024-10-16 20:44:12,907 [INFO] PluginManager:220 - loadIPPluginJar : add gtzc
2024-10-16 20:44:12,983 [INFO] IPUIPlugin:80 - create IPUIPlugin
2024-10-16 20:44:12,983 [INFO] PluginManager:220 - loadIPPluginJar : add hash
2024-10-16 20:44:13,008 [INFO] ThirdPartyUpdaterWithRetryManager:70 - Updater plugin not ready yet. [2/15]
2024-10-16 20:44:13,097 [INFO] IPUIPlugin:80 - create IPUIPlugin
2024-10-16 20:44:13,097 [INFO] PluginManager:220 - loadIPPluginJar : add i2c
2024-10-16 20:44:13,176 [INFO] IPUIPlugin:80 - create IPUIPlugin
2024-10-16 20:44:13,176 [INFO] PluginManager:220 - loadIPPluginJar : add i2s
2024-10-16 20:44:13,265 [INFO] IPUIPlugin:80 - create IPUIPlugin
2024-10-16 20:44:13,265 [INFO] PluginManager:220 - loadIPPluginJar : add i3c
2024-10-16 20:44:13,525 [INFO] IPUIPlugin:80 - create IPUIPlugin
2024-10-16 20:44:13,525 [INFO] PluginManager:220 - loadIPPluginJar : add ipddr
2024-10-16 20:44:13,730 [INFO] IPUIPlugin:80 - create IPUIPlugin
2024-10-16 20:44:13,731 [INFO] PluginManager:220 - loadIPPluginJar : add linkedlist
2024-10-16 20:44:13,812 [INFO] IPUIPlugin:80 - create IPUIPlugin
2024-10-16 20:44:13,813 [INFO] PluginManager:220 - loadIPPluginJar : add lorawan
2024-10-16 20:44:13,911 [INFO] IPUIPlugin:80 - create IPUIPlugin
2024-10-16 20:44:13,911 [INFO] PluginManager:220 - loadIPPluginJar : add ltdc
2024-10-16 20:44:13,950 [INFO] IPUIPlugin:80 - create IPUIPlugin
2024-10-16 20:44:13,950 [INFO] PluginManager:220 - loadIPPluginJar : add mdma
2024-10-16 20:44:13,974 [INFO] IPUIPlugin:80 - create IPUIPlugin
2024-10-16 20:44:13,974 [INFO] PluginManager:220 - loadIPPluginJar : add nvic
2024-10-16 20:44:14,049 [INFO] IPUIPlugin:80 - create IPUIPlugin
2024-10-16 20:44:14,050 [INFO] PluginManager:220 - loadIPPluginJar : add opamp
2024-10-16 20:44:14,174 [INFO] IPUIPlugin:80 - create IPUIPlugin
2024-10-16 20:44:14,174 [INFO] PluginManager:220 - loadIPPluginJar : add openamp
2024-10-16 20:44:14,262 [INFO] IPUIPlugin:80 - create IPUIPlugin
2024-10-16 20:44:14,262 [INFO] PluginManager:220 - loadIPPluginJar : add pdm2pcm
2024-10-16 20:44:14,288 [INFO] IPUIPlugin:80 - create IPUIPlugin
2024-10-16 20:44:14,293 [INFO] PluginManager:220 - loadIPPluginJar : add plateformsettings
2024-10-16 20:44:14,335 [INFO] IPUIPlugin:80 - create IPUIPlugin
2024-10-16 20:44:14,335 [INFO] PluginManager:220 - loadIPPluginJar : add quadspi
2024-10-16 20:44:14,384 [INFO] IPUIPlugin:80 - create IPUIPlugin
2024-10-16 20:44:14,385 [INFO] PluginManager:220 - loadIPPluginJar : add radio
2024-10-16 20:44:14,407 [INFO] IPUIPlugin:80 - create IPUIPlugin
2024-10-16 20:44:14,408 [INFO] PluginManager:220 - loadIPPluginJar : add resmgrutility
2024-10-16 20:44:14,498 [INFO] IPUIPlugin:80 - create IPUIPlugin
2024-10-16 20:44:14,498 [INFO] PluginManager:220 - loadIPPluginJar : add sai
2024-10-16 20:44:14,570 [INFO] IPUIPlugin:80 - create IPUIPlugin
2024-10-16 20:44:14,571 [INFO] PluginManager:220 - loadIPPluginJar : add spi
2024-10-16 20:44:14,720 [INFO] IPUIPlugin:80 - create IPUIPlugin
2024-10-16 20:44:14,721 [INFO] PluginManager:220 - loadIPPluginJar : add stm32_wpan
2024-10-16 20:44:14,770 [INFO] IPUIPlugin:80 - create IPUIPlugin
2024-10-16 20:44:14,771 [INFO] PluginManager:220 - loadIPPluginJar : add tim
2024-10-16 20:44:14,911 [INFO] IPUIPlugin:80 - create IPUIPlugin
2024-10-16 20:44:14,912 [INFO] PluginManager:220 - loadIPPluginJar : add touchsensing
2024-10-16 20:44:14,956 [INFO] IPUIPlugin:80 - create IPUIPlugin
2024-10-16 20:44:14,956 [INFO] PluginManager:220 - loadIPPluginJar : add tracer_emb
2024-10-16 20:44:15,003 [INFO] IPUIPlugin:80 - create IPUIPlugin
2024-10-16 20:44:15,004 [INFO] PluginManager:220 - loadIPPluginJar : add ts
2024-10-16 20:44:15,056 [INFO] IPUIPlugin:80 - create IPUIPlugin
2024-10-16 20:44:15,056 [INFO] PluginManager:220 - loadIPPluginJar : add tsc
2024-10-16 20:44:15,110 [INFO] IPUIPlugin:80 - create IPUIPlugin
2024-10-16 20:44:15,111 [INFO] PluginManager:220 - loadIPPluginJar : add ucpd
2024-10-16 20:44:15,211 [INFO] IPUIPlugin:80 - create IPUIPlugin
2024-10-16 20:44:15,211 [INFO] PluginManager:220 - loadIPPluginJar : add usart
2024-10-16 20:44:15,296 [INFO] IPUIPlugin:80 - create IPUIPlugin
2024-10-16 20:44:15,296 [INFO] PluginManager:220 - loadIPPluginJar : add usbx
2024-10-16 20:44:15,513 [INFO] CADModel:165 - CPN selected for project level
2024-10-16 20:44:15,513 [INFO] CADModel:114 - Register for checkConnection events
2024-10-16 20:44:15,514 [FATAL] Updater:334 - Updater called before beeing initialized
2024-10-16 20:44:15,515 [ERROR] CADModel:125 - Updater not yet initialized, retry later 
2024-10-16 20:44:15,874 [INFO] CADModel:165 - CPN selected for project level
2024-10-16 20:44:15,874 [INFO] CADModel:114 - Register for checkConnection events
2024-10-16 20:44:15,874 [FATAL] Updater:334 - Updater called before beeing initialized
2024-10-16 20:44:15,874 [ERROR] CADModel:125 - Updater not yet initialized, retry later 
2024-10-16 20:44:15,879 [FATAL] Updater:334 - Updater called before beeing initialized
2024-10-16 20:44:16,011 [INFO] ThirdPartyUpdaterWithRetryManager:70 - Updater plugin not ready yet. [3/15]
2024-10-16 20:44:16,080 [FATAL] Updater:334 - Updater called before beeing initialized
2024-10-16 20:44:16,099 [INFO] DbMcusAds:53 - JSON generation date=Fri Sep 20 15:04:23 CEST 2024 (1726837463113)
2024-10-16 20:44:16,099 [FATAL] Updater:334 - Updater called before beeing initialized
2024-10-16 20:44:16,186 [WARN] DetailPanel:346 - Failed to get advertising image, set to default
2024-10-16 20:44:16,373 [FATAL] Updater:334 - Updater called before beeing initialized
2024-10-16 20:44:16,375 [FATAL] Updater:334 - Updater called before beeing initialized
2024-10-16 20:44:16,375 [FATAL] Updater:334 - Updater called before beeing initialized
2024-10-16 20:44:16,376 [WARN] DetailPanel:346 - Failed to get advertising image, set to default
2024-10-16 20:44:16,377 [FATAL] Updater:334 - Updater called before beeing initialized
2024-10-16 20:44:16,494 [ERROR] Updater:1164 - MainUpdater not yet initialized. External WinMGr cannot be set.
2024-10-16 20:44:16,514 [INFO] Updater:1100 - Updater Version found : 6.12.1
2024-10-16 20:44:16,547 [INFO] ApplicationProperties:184 - Using Application install path: C:\Program Files\STM32CubeIDE_1.16.1\STM32CubeIDE\plugins\com.st.stm32cube.common.mx_6.12.1.202409122256
2024-10-16 20:44:18,162 [ERROR] LogOutputStream:75 - [STDERR_REDIRECT] Oct 16, 2024 8:44:18 PM java.util.prefs.WindowsPreferences <init>
2024-10-16 20:44:18,171 [ERROR] LogOutputStream:75 - [STDERR_REDIRECT] WARNING: Could not open/create prefs root node Software\JavaSoft\Prefs at root 0xffffffff80000002. Windows RegCreateKeyEx(...) returned error code 5.
2024-10-16 20:44:18,172 [ERROR] LogOutputStream:75 - [STDERR_REDIRECT] 
2024-10-16 20:44:18,960 [INFO] MainUpdater:2873 - connection check result : 10
2024-10-16 20:44:18,962 [INFO] MainUpdater:290 - Updater Check For Update Now.
2024-10-16 20:44:18,963 [INFO] MicroXplorer:498 - Change Database Version : DB.6.0.121
2024-10-16 20:44:19,012 [WARN] MainUpdater:1194 - Updater busy. Cannot search thirdparties
2024-10-16 20:44:19,013 [INFO] ThirdPartyUpdaterWithRetryManager:96 - Updater plugin is busy. [1/15]
2024-10-16 20:44:19,030 [INFO] McuFinderGlobals:63 - Set McuFinder mode to 2 (CubeIDE integrated)
2024-10-16 20:44:19,057 [INFO] UserAuth:417 - Internet connection configuration mode: 1
2024-10-16 20:44:19,144 [INFO] JxBrowserEngine:152 - Initiate JxBrowser Engine with user profile folder
2024-10-16 20:44:19,425 [INFO] CheckServerUpdateThread:120 - End of CheckServer Thread
2024-10-16 20:44:22,454 [WARN] PackLoader:240 - Cannot read IP mode file for STMicroelectronics.FP-SNS-MOTENVWB1.1.4.0
2024-10-16 20:44:22,490 [WARN] PackLoader:240 - Cannot read IP mode file for STMicroelectronics.X-CUBE-SMBUS.2.1.0
2024-10-16 20:44:22,522 [WARN] PackLoader:240 - Cannot read IP mode file for STMicroelectronics.X-CUBE-WB05N.1.1.0
2024-10-16 20:44:22,620 [WARN] PackLoader:240 - Cannot read IP mode file for STMicroelectronics.X-CUBE-AZRTOS-F7.1.1.0
2024-10-16 20:44:22,822 [WARN] PackLoader:240 - Cannot read IP mode file for STMicroelectronics.X-CUBE-MEMS1.11.0.0
2024-10-16 20:44:23,726 [WARN] PackLoader:240 - Cannot read IP mode file for STMicroelectronics.FP-SNS-FLIGHT1.5.0.2
2024-10-16 20:44:23,758 [WARN] PackLoader:240 - Cannot read IP mode file for STMicroelectronics.X-CUBE-DISPLAY.3.0.0
2024-10-16 20:44:23,798 [WARN] PackLoader:240 - Cannot read IP mode file for STMicroelectronics.X-CUBE-BLE1.7.0.0
2024-10-16 20:44:23,917 [WARN] PackLoader:240 - Cannot read IP mode file for STMicroelectronics.X-CUBE-NFC10.1.0.0
2024-10-16 20:44:23,942 [WARN] PackLoader:240 - Cannot read IP mode file for emotas.I-CUBE-CANOPEN.1.3.0
2024-10-16 20:44:23,973 [WARN] PackLoader:240 - Cannot read IP mode file for STMicroelectronics.X-CUBE-BLEMGR.3.1.0
2024-10-16 20:44:23,995 [WARN] PackLoader:240 - Cannot read IP mode file for STMicroelectronics.FP-SNS-SMARTAG2.1.2.0
2024-10-16 20:44:24,032 [INFO] LogOutputStream:77 - [STDOUT_REDIRECT] 1 : Invalid condition id : UX_CORESTACK_Condition cause : null
2024-10-16 20:44:24,033 [INFO] LogOutputStream:77 - [STDOUT_REDIRECT] 1 : Invalid condition id : UX_CORESTACK_Condition cause : null
2024-10-16 20:44:24,037 [INFO] LogOutputStream:77 - [STDOUT_REDIRECT] 1 : Invalid condition id : UX_CORESTACK_Condition cause : null
2024-10-16 20:44:24,041 [INFO] LogOutputStream:77 - [STDOUT_REDIRECT] 1 : Invalid condition id : UX_CORESTACK_Condition cause : null
2024-10-16 20:44:24,044 [INFO] LogOutputStream:77 - [STDOUT_REDIRECT] 1 : Invalid condition id : UX_CORESTACK_Condition cause : null
2024-10-16 20:44:24,048 [WARN] PackLoader:240 - Cannot read IP mode file for STMicroelectronics.X-CUBE-AZRTOS-WL.2.0.0
2024-10-16 20:44:24,076 [WARN] PackLoader:240 - Cannot read IP mode file for STMicroelectronics.FP-SNS-MOTENV1.5.0.0
2024-10-16 20:44:24,100 [WARN] PackLoader:240 - Cannot read IP mode file for wolfSSL.I-CUBE-wolfMQTT.1.19.0
2024-10-16 20:44:24,132 [WARN] PackLoader:240 - Cannot read IP mode file for WES.I-CUBE-Cesium.1.3.0
2024-10-16 20:44:24,160 [WARN] PackLoader:240 - Cannot read IP mode file for STMicroelectronics.X-CUBE-BLE2.3.3.0
2024-10-16 20:44:24,189 [WARN] PackLoader:240 - Cannot read IP mode file for STMicroelectronics.X-CUBE-NFC9.1.0.0
2024-10-16 20:44:24,224 [WARN] PackLoader:240 - Cannot read IP mode file for STMicroelectronics.X-CUBE-TCPP.4.1.0
2024-10-16 20:44:24,282 [WARN] PackLoader:240 - Cannot read IP mode file for STMicroelectronics.X-CUBE-AZRTOS-G0.1.1.0
2024-10-16 20:44:24,328 [WARN] PackLoader:240 - Cannot read IP mode file for STMicroelectronics.X-CUBE-SAFEA1.1.2.2
2024-10-16 20:44:24,361 [WARN] PackLoader:240 - Cannot read IP mode file for STMicroelectronics.X-CUBE-NFC4.3.0.0
2024-10-16 20:44:24,393 [WARN] PackLoader:240 - Cannot read IP mode file for EmbeddedOffice.I-CUBE-FS-RTOS.1.0.1
2024-10-16 20:44:24,393 [ERROR] ConditionMgr:805 - Attr not supported : Dmpu
2024-10-16 20:44:24,393 [ERROR] ConditionMgr:805 - Attr not supported : Dmpu
2024-10-16 20:44:24,394 [ERROR] ConditionMgr:805 - Attr not supported : Dmpu
2024-10-16 20:44:24,394 [ERROR] ConditionMgr:805 - Attr not supported : Dmpu
2024-10-16 20:44:24,394 [ERROR] ConditionMgr:805 - Attr not supported : Dmpu
2024-10-16 20:44:24,394 [ERROR] ConditionMgr:805 - Attr not supported : Dmpu
2024-10-16 20:44:24,394 [ERROR] ConditionMgr:805 - Attr not supported : Dmpu
2024-10-16 20:44:24,395 [ERROR] ConditionMgr:805 - Attr not supported : Dmpu
2024-10-16 20:44:24,395 [ERROR] ConditionMgr:805 - Attr not supported : Dmpu
2024-10-16 20:44:24,395 [ERROR] ConditionMgr:805 - Attr not supported : Dmpu
2024-10-16 20:44:24,395 [ERROR] ConditionMgr:805 - Attr not supported : Dmpu
2024-10-16 20:44:24,395 [ERROR] ConditionMgr:805 - Attr not supported : Dmpu
2024-10-16 20:44:24,395 [ERROR] ConditionMgr:805 - Attr not supported : Dmpu
2024-10-16 20:44:24,396 [ERROR] ConditionMgr:805 - Attr not supported : Dmpu
2024-10-16 20:44:24,396 [ERROR] ConditionMgr:805 - Attr not supported : Dmpu
2024-10-16 20:44:24,396 [ERROR] ConditionMgr:805 - Attr not supported : Dmpu
2024-10-16 20:44:24,396 [ERROR] ConditionMgr:805 - Attr not supported : Dmpu
2024-10-16 20:44:24,396 [ERROR] ConditionMgr:805 - Attr not supported : Dmpu
2024-10-16 20:44:24,396 [ERROR] ConditionMgr:805 - Attr not supported : Dmpu
2024-10-16 20:44:24,397 [ERROR] ConditionMgr:805 - Attr not supported : Dmpu
2024-10-16 20:44:24,397 [ERROR] ConditionMgr:805 - Attr not supported : Dmpu
2024-10-16 20:44:24,397 [ERROR] ConditionMgr:805 - Attr not supported : Dmpu
2024-10-16 20:44:24,397 [ERROR] ConditionMgr:805 - Attr not supported : Dmpu
2024-10-16 20:44:24,397 [ERROR] ConditionMgr:805 - Attr not supported : Dmpu
2024-10-16 20:44:24,398 [ERROR] ConditionMgr:805 - Attr not supported : Dmpu
2024-10-16 20:44:24,398 [ERROR] ConditionMgr:805 - Attr not supported : Dmpu
2024-10-16 20:44:24,398 [ERROR] ConditionMgr:805 - Attr not supported : Dmpu
2024-10-16 20:44:24,398 [ERROR] ConditionMgr:805 - Attr not supported : Dmpu
2024-10-16 20:44:24,398 [ERROR] ConditionMgr:805 - Attr not supported : Dmpu
2024-10-16 20:44:24,399 [ERROR] ConditionMgr:805 - Attr not supported : Dmpu
2024-10-16 20:44:24,399 [ERROR] ConditionMgr:805 - Attr not supported : Dmpu
2024-10-16 20:44:24,399 [ERROR] ConditionMgr:805 - Attr not supported : Dmpu
2024-10-16 20:44:24,399 [ERROR] ConditionMgr:805 - Attr not supported : Dmpu
2024-10-16 20:44:24,399 [ERROR] ConditionMgr:805 - Attr not supported : Dmpu
2024-10-16 20:44:24,399 [ERROR] ConditionMgr:805 - Attr not supported : Dmpu
2024-10-16 20:44:24,400 [ERROR] ConditionMgr:805 - Attr not supported : Dmpu
2024-10-16 20:44:24,400 [ERROR] ConditionMgr:805 - Attr not supported : Dmpu
2024-10-16 20:44:24,400 [ERROR] ConditionMgr:805 - Attr not supported : Dmpu
2024-10-16 20:44:24,400 [ERROR] ConditionMgr:805 - Attr not supported : Dmpu
2024-10-16 20:44:24,400 [ERROR] ConditionMgr:805 - Attr not supported : Dmpu
2024-10-16 20:44:24,401 [ERROR] ConditionMgr:805 - Attr not supported : Dmpu
2024-10-16 20:44:24,401 [ERROR] ConditionMgr:805 - Attr not supported : Dmpu
2024-10-16 20:44:24,401 [ERROR] ConditionMgr:805 - Attr not supported : Dmpu
2024-10-16 20:44:24,401 [ERROR] ConditionMgr:805 - Attr not supported : Dmpu
2024-10-16 20:44:24,401 [ERROR] ConditionMgr:805 - Attr not supported : Dmpu
2024-10-16 20:44:24,402 [ERROR] ConditionMgr:805 - Attr not supported : Dmpu
2024-10-16 20:44:24,402 [ERROR] ConditionMgr:805 - Attr not supported : Dmpu
2024-10-16 20:44:24,402 [ERROR] ConditionMgr:805 - Attr not supported : Dmpu
2024-10-16 20:44:24,402 [ERROR] ConditionMgr:805 - Attr not supported : Dmpu
2024-10-16 20:44:24,402 [ERROR] ConditionMgr:805 - Attr not supported : Dmpu
2024-10-16 20:44:24,403 [ERROR] ConditionMgr:805 - Attr not supported : Dmpu
2024-10-16 20:44:24,403 [ERROR] ConditionMgr:805 - Attr not supported : Dmpu
2024-10-16 20:44:24,403 [ERROR] ConditionMgr:805 - Attr not supported : Dmpu
2024-10-16 20:44:24,403 [ERROR] ConditionMgr:805 - Attr not supported : Dmpu
2024-10-16 20:44:24,403 [ERROR] ConditionMgr:805 - Attr not supported : Dmpu
2024-10-16 20:44:24,403 [ERROR] ConditionMgr:805 - Attr not supported : Dmpu
2024-10-16 20:44:24,404 [ERROR] ConditionMgr:805 - Attr not supported : Dmpu
2024-10-16 20:44:24,404 [ERROR] ConditionMgr:805 - Attr not supported : Dmpu
2024-10-16 20:44:24,404 [ERROR] ConditionMgr:805 - Attr not supported : Dmpu
2024-10-16 20:44:24,404 [ERROR] ConditionMgr:805 - Attr not supported : Dmpu
2024-10-16 20:44:24,405 [ERROR] ConditionMgr:805 - Attr not supported : Dmpu
2024-10-16 20:44:24,405 [ERROR] ConditionMgr:805 - Attr not supported : Dmpu
2024-10-16 20:44:24,405 [ERROR] ConditionMgr:805 - Attr not supported : Dmpu
2024-10-16 20:44:24,405 [ERROR] ConditionMgr:805 - Attr not supported : Dmpu
2024-10-16 20:44:24,434 [WARN] PackLoader:240 - Cannot read IP mode file for RealThread.X-CUBE-RT-Thread_Nano.4.1.1
2024-10-16 20:44:24,455 [WARN] PackLoader:240 - Cannot read IP mode file for STMicroelectronics.FP-ATR-SIGFOX1.3.2.0
2024-10-16 20:44:24,480 [WARN] PackLoader:240 - Cannot read IP mode file for wolfSSL.I-CUBE-wolfSSL.5.7.2
2024-10-16 20:44:24,506 [WARN] PackLoader:240 - Cannot read IP mode file for STMicroelectronics.X-CUBE-EEPRMA1.5.1.0
2024-10-16 20:44:24,534 [WARN] PackLoader:240 - Cannot read IP mode file for ITTIA_DB.I-CUBE-ITTIADB.8.9.0
2024-10-16 20:44:24,625 [WARN] PackLoader:240 - Cannot read IP mode file for SEGGER.I-CUBE-embOS.1.3.1
2024-10-16 20:44:24,709 [WARN] PackLoader:240 - Cannot read IP mode file for STMicroelectronics.X-CUBE-ALGOBUILD.1.4.0
2024-10-16 20:44:24,734 [WARN] PackLoader:240 - Cannot read IP mode file for STMicroelectronics.X-CUBE-AI.9.1.0
2024-10-16 20:44:24,796 [WARN] PackLoader:240 - Cannot read IP mode file for STMicroelectronics.X-CUBE-AZRTOS-F4.1.1.0
2024-10-16 20:44:24,824 [WARN] PackLoader:240 - Cannot read IP mode file for STMicroelectronics.X-CUBE-ISPU.2.1.0
2024-10-16 20:44:24,847 [WARN] PackLoader:240 - Cannot read IP mode file for STMicroelectronics.X-CUBE-FREERTOS.1.2.0
2024-10-16 20:44:24,898 [WARN] PackLoader:240 - Cannot read IP mode file for STMicroelectronics.X-CUBE-AZRTOS-L5.2.0.0
2024-10-16 20:44:24,930 [WARN] PackLoader:240 - Cannot read IP mode file for STMicroelectronics.X-CUBE-NFC6.3.1.0
2024-10-16 20:44:24,953 [WARN] PackLoader:240 - Cannot read IP mode file for STMicroelectronics.X-CUBE-DPower.1.2.0
2024-10-16 20:44:24,978 [WARN] PackLoader:240 - Cannot read IP mode file for STMicroelectronics.X-CUBE-NFC7.1.0.1
2024-10-16 20:44:25,033 [WARN] ConditionMgr:438 - getConditionDescription Invalid condition id : LAN8742 Phy interface Condition cause : null
2024-10-16 20:44:25,034 [WARN] PackLoader:240 - Cannot read IP mode file for STMicroelectronics.X-CUBE-AZRTOS-L4.2.0.0
2024-10-16 20:44:25,036 [WARN] ConditionMgr:1039 - genDependencies : Invalid condition id : LAN8742 Phy interface Condition cause : null
2024-10-16 20:44:25,037 [WARN] ConditionMgr:1039 - genDependencies : Invalid condition id : LAN8742 Phy interface Condition cause : null
2024-10-16 20:44:25,037 [WARN] ConditionMgr:1039 - genDependencies : Invalid condition id : LAN8742 Phy interface Condition cause : null
2024-10-16 20:44:25,063 [WARN] PackLoader:240 - Cannot read IP mode file for STMicroelectronics.X-CUBE-SFXS2LP1.4.0.0
2024-10-16 20:44:25,125 [WARN] PackLoader:240 - Cannot read IP mode file for STMicroelectronics.X-CUBE-AZRTOS-H7.3.3.0
2024-10-16 20:44:25,165 [WARN] PackLoader:240 - Cannot read IP mode file for STMicroelectronics.X-CUBE-IPS.3.0.0
2024-10-16 20:44:25,210 [WARN] ConditionMgr:438 - getConditionDescription Invalid condition id : UX DEVICE CLASS RTOS Condition cause : null
2024-10-16 20:44:25,211 [WARN] ConditionMgr:438 - getConditionDescription Invalid condition id : UX DEVICE CLASS RTOS Condition cause : null
2024-10-16 20:44:25,215 [WARN] PackLoader:240 - Cannot read IP mode file for STMicroelectronics.X-CUBE-AZRTOS-WB.2.0.0
2024-10-16 20:44:25,216 [WARN] ConditionMgr:1039 - genDependencies : Invalid condition id : UX DEVICE CLASS RTOS Condition cause : null
2024-10-16 20:44:25,216 [WARN] ConditionMgr:1039 - genDependencies : Invalid condition id : UX DEVICE CLASS RTOS Condition cause : null
2024-10-16 20:44:25,216 [WARN] ConditionMgr:1039 - genDependencies : Invalid condition id : UX DEVICE CLASS RTOS Condition cause : null
2024-10-16 20:44:25,217 [WARN] ConditionMgr:1039 - genDependencies : Invalid condition id : UX DEVICE CLASS RTOS Condition cause : null
2024-10-16 20:44:25,217 [WARN] ConditionMgr:1039 - genDependencies : Invalid condition id : UX DEVICE CLASS RTOS Condition cause : null
2024-10-16 20:44:25,248 [WARN] PackLoader:240 - Cannot read IP mode file for STMicroelectronics.X-CUBE-GNSS1.7.0.0
2024-10-16 20:44:25,280 [WARN] PackLoader:240 - Cannot read IP mode file for STMicroelectronics.FP-SNS-STBOX1.2.0.0
2024-10-16 20:44:25,322 [WARN] PackLoader:240 - Cannot read IP mode file for STMicroelectronics.X-CUBE-SUBG2.5.0.0
2024-10-16 20:44:25,351 [WARN] PackLoader:240 - Cannot read IP mode file for Cesanta.I-CUBE-Mongoose.7.13.0
2024-10-16 20:44:25,398 [WARN] PackLoader:240 - Cannot read IP mode file for STMicroelectronics.X-CUBE-AZRTOS-G4.2.0.0
2024-10-16 20:44:25,421 [WARN] PackLoader:240 - Cannot read IP mode file for STMicroelectronics.X-CUBE-ALS.1.0.2
2024-10-16 20:44:25,444 [WARN] PackLoader:240 - Cannot read IP mode file for STMicroelectronics.X-CUBE-TOUCHGFX.4.24.1
2024-10-16 20:44:25,464 [WARN] PackLoader:240 - Cannot read IP mode file for wolfSSL.I-CUBE-wolfTPM.3.4.0
2024-10-16 20:44:25,486 [WARN] PackLoader:240 - Cannot read IP mode file for portGmbH.I-Cube-SoM-uGOAL.1.1.0
2024-10-16 20:44:25,540 [WARN] PackLoader:240 - Cannot read IP mode file for STMicroelectronics.X-CUBE-AZRTOS-H7RS.1.0.0
2024-10-16 20:44:25,563 [WARN] PackLoader:240 - Cannot read IP mode file for STMicroelectronics.FP-ATR-ASTRA1.2.0.0
2024-10-16 20:44:25,602 [WARN] PackLoader:240 - Cannot read IP mode file for STMicroelectronics.X-CUBE-TOF1.3.4.2
2024-10-16 20:44:25,672 [WARN] PackLoader:240 - Cannot read IP mode file for Infineon.AIROC-Wi-Fi-Bluetooth-STM32.1.6.1
2024-10-16 20:44:25,696 [WARN] PackLoader:240 - Cannot read IP mode file for wolfSSL.I-CUBE-wolfSSH.1.4.17
2024-10-16 20:44:25,697 [INFO] ThirdParty:978 - Integrity check success = true
2024-10-16 20:44:25,697 [INFO] IntegrityCheckThread:100 - exiting critical section [integrity check]
2024-10-16 20:44:25,697 [INFO] IntegrityCheckThread:103 - End integrity checks thread
2024-10-16 20:44:29,625 [ERROR] LogOutputStream:75 - [STDERR_REDIRECT] 
